<?xml version="1.0" encoding="UTF-8"?>
<testng-results skipped="0" failed="0" ignored="0" total="1" passed="1">
  <reporter-output>
  </reporter-output>
  <suite name="Default suite" duration-ms="50480" started-at="2018-02-28T04:54:59Z" finished-at="2018-02-28T04:55:50Z">
    <groups>
    </groups>
    <test name="Default test" duration-ms="50480" started-at="2018-02-28T04:54:59Z" finished-at="2018-02-28T04:55:50Z">
      <class name="Myappium.tstng">
        <test-method status="PASS" signature="startup()[pri:0, instance:Myappium.tstng@1877ab81]" name="startup" is-config="true" duration-ms="50456" started-at="2018-02-28T04:54:59Z" finished-at="2018-02-28T04:55:50Z">
          <reporter-output>
          </reporter-output>
        </test-method> <!-- startup -->
        <test-method status="PASS" signature="test001()[pri:0, instance:Myappium.tstng@1877ab81]" name="test001" duration-ms="4" started-at="2018-02-28T04:55:50Z" finished-at="2018-02-28T04:55:50Z">
          <reporter-output>
          </reporter-output>
        </test-method> <!-- test001 -->
      </class> <!-- Myappium.tstng -->
    </test> <!-- Default test -->
  </suite> <!-- Default suite -->
</testng-results>
